<?xml version="1.0" encoding="UTF-8"?>
<!-- Generated by org.testng.reporters.JUnitReportReporter -->
<testsuite hostname="MRIDULA-KEG9N97" failures="0" tests="1" name="register.TC_DWS_002_Test" time="0.007" errors="0" timestamp="2024-05-16T15:23:22 IST" skipped="0">
  <testcase classname="register.TC_DWS_002_Test" name="getDataFromFile" time="0.007"/>
  <system-out/>
</testsuite> <!-- register.TC_DWS_002_Test -->
