<?xml version="1.0" encoding="UTF-8"?>
<!-- Generated by org.testng.reporters.JUnitReportReporter -->
<testsuite hostname="MRIDULA-KEG9N97" failures="0" tests="1" name="books.ClickOnBooks" time="14.998" errors="0" timestamp="2024-05-16T16:03:33 IST" skipped="0">
  <testcase classname="books.ClickOnBooks" name="click" time="14.998"/>
  <system-out/>
</testsuite> <!-- books.ClickOnBooks -->
